[
  {
    "recorded_local": "2026-09-24T07:53:58.7853973+07:00",
    "record_id": 168578,
    "id": 41,
    "provider": "Microsoft-Windows-Kernel-Power",
    "data": {
      "CsEntryScenarioInstanceIdV2": "888",
      "CheckpointStatus": "0",
      "BugcheckParameter4": "0x0",
      "BootAppStatus": "0",
      "LidState": "3",
      "BugcheckParameter1": "0x0",
      "Checkpoint": "16",
      "BugcheckParameter2": "0x0",
      "ConnectedStandbyInProgress": "true",
      "InputSuppressionState": "0",
      "LongPowerButtonPressDetected": "false",
      "CsEntryScenarioInstanceId": "120",
      "BugcheckInfoFromEFI": "false",
      "BugcheckParameter3": "0x0",
      "PowerButtonSuppressionState": "0",
      "SleepInProgress": "0",
      "SystemSleepTransitionsToOn": "25",
      "LidReliability": "false",
      "PowerButtonTimestamp": "0",
      "WHEABootErrorCount": "0",
      "BugcheckCode": "0"
    },
    "previous_shutdown_time": null,
    "previous_shutdown_date": null
  },
  {
    "recorded_local": "2026-09-24T07:54:11.3348147+07:00",
    "record_id": 168549,
    "id": 6008,
    "provider": "EventLog",
    "data": {},
    "previous_shutdown_time": "7:24:55 AM",
    "previous_shutdown_date": "‎9/‎24/‎2026"
  },
  {
    "recorded_local": "2026-09-24T08:14:12.5697801+07:00",
    "record_id": 168800,
    "id": 41,
    "provider": "Microsoft-Windows-Kernel-Power",
    "data": {
      "CsEntryScenarioInstanceIdV2": "0",
      "CheckpointStatus": "0",
      "BugcheckParameter4": "0x0",
      "BootAppStatus": "0",
      "LidState": "3",
      "BugcheckParameter1": "0x0",
      "Checkpoint": "0",
      "BugcheckParameter2": "0x0",
      "ConnectedStandbyInProgress": "false",
      "InputSuppressionState": "0",
      "LongPowerButtonPressDetected": "false",
      "CsEntryScenarioInstanceId": "0",
      "BugcheckInfoFromEFI": "false",
      "BugcheckParameter3": "0x0",
      "PowerButtonSuppressionState": "0",
      "SleepInProgress": "0",
      "SystemSleepTransitionsToOn": "0",
      "LidReliability": "false",
      "PowerButtonTimestamp": "0",
      "WHEABootErrorCount": "0",
      "BugcheckCode": "0"
    },
    "previous_shutdown_time": null,
    "previous_shutdown_date": null
  },
  {
    "recorded_local": "2026-09-24T08:14:20.3475002+07:00",
    "record_id": 168768,
    "id": 6008,
    "provider": "EventLog",
    "data": {},
    "previous_shutdown_time": "7:54:11 AM",
    "previous_shutdown_date": "‎9/‎24/‎2026"
  },
  {
    "recorded_local": "2026-09-24T14:46:19.9921473+07:00",
    "record_id": 169157,
    "id": 41,
    "provider": "Microsoft-Windows-Kernel-Power",
    "data": {
      "CsEntryScenarioInstanceIdV2": "16",
      "CheckpointStatus": "0",
      "BugcheckParameter4": "0x0",
      "BootAppStatus": "0",
      "LidState": "3",
      "BugcheckParameter1": "0x0",
      "Checkpoint": "0",
      "BugcheckParameter2": "0x0",
      "ConnectedStandbyInProgress": "false",
      "InputSuppressionState": "0",
      "LongPowerButtonPressDetected": "false",
      "CsEntryScenarioInstanceId": "16",
      "BugcheckInfoFromEFI": "false",
      "BugcheckParameter3": "0x0",
      "PowerButtonSuppressionState": "0",
      "SleepInProgress": "0",
      "SystemSleepTransitionsToOn": "0",
      "LidReliability": "false",
      "PowerButtonTimestamp": "0",
      "WHEABootErrorCount": "0",
      "BugcheckCode": "0"
    },
    "previous_shutdown_time": null,
    "previous_shutdown_date": null
  },
  {
    "recorded_local": "2026-09-24T14:46:27.5498675+07:00",
    "record_id": 169143,
    "id": 6008,
    "provider": "EventLog",
    "data": {},
    "previous_shutdown_time": "2:14:20 PM",
    "previous_shutdown_date": "‎9/‎24/‎2026"
  },
  {
    "recorded_local": "2026-09-24T14:51:09.5840355+07:00",
    "record_id": 169378,
    "id": 41,
    "provider": "Microsoft-Windows-Kernel-Power",
    "data": {
      "CsEntryScenarioInstanceIdV2": "0",
      "CheckpointStatus": "0",
      "BugcheckParameter4": "0x0",
      "BootAppStatus": "0",
      "LidState": "3",
      "BugcheckParameter1": "0x0",
      "Checkpoint": "0",
      "BugcheckParameter2": "0x0",
      "ConnectedStandbyInProgress": "false",
      "InputSuppressionState": "0",
      "LongPowerButtonPressDetected": "false",
      "CsEntryScenarioInstanceId": "0",
      "BugcheckInfoFromEFI": "false",
      "BugcheckParameter3": "0x0",
      "PowerButtonSuppressionState": "0",
      "SleepInProgress": "0",
      "SystemSleepTransitionsToOn": "0",
      "LidReliability": "false",
      "PowerButtonTimestamp": "0",
      "WHEABootErrorCount": "0",
      "BugcheckCode": "0"
    },
    "previous_shutdown_time": null,
    "previous_shutdown_date": null
  },
  {
    "recorded_local": "2026-09-24T14:51:17.1767016+07:00",
    "record_id": 169346,
    "id": 6008,
    "provider": "EventLog",
    "data": {},
    "previous_shutdown_time": "2:46:27 PM",
    "previous_shutdown_date": "‎9/‎24/‎2026"
  },
  {
    "recorded_local": "2026-09-24T15:47:11.4247996+07:00",
    "record_id": 169545,
    "id": 41,
    "provider": "Microsoft-Windows-Kernel-Power",
    "data": {
      "CsEntryScenarioInstanceIdV2": "0",
      "CheckpointStatus": "0",
      "BugcheckParameter4": "0x0",
      "BootAppStatus": "3221225684",
      "LidState": "3",
      "BugcheckParameter1": "0x0",
      "Checkpoint": "16",
      "BugcheckParameter2": "0x0",
      "ConnectedStandbyInProgress": "false",
      "InputSuppressionState": "0",
      "LongPowerButtonPressDetected": "false",
      "CsEntryScenarioInstanceId": "0",
      "BugcheckInfoFromEFI": "false",
      "BugcheckParameter3": "0x0",
      "PowerButtonSuppressionState": "0",
      "SleepInProgress": "6",
      "SystemSleepTransitionsToOn": "1",
      "LidReliability": "false",
      "PowerButtonTimestamp": "0",
      "WHEABootErrorCount": "0",
      "BugcheckCode": "0"
    },
    "previous_shutdown_time": null,
    "previous_shutdown_date": null
  },
  {
    "recorded_local": "2026-09-24T15:47:19.6144012+07:00",
    "record_id": 169527,
    "id": 6008,
    "provider": "EventLog",
    "data": {},
    "previous_shutdown_time": "2:51:17 PM",
    "previous_shutdown_date": "‎9/‎24/‎2026"
  },
  {
    "recorded_local": "2026-09-24T15:53:57.8481107+07:00",
    "record_id": 169710,
    "id": 41,
    "provider": "Microsoft-Windows-Kernel-Power",
    "data": {
      "CsEntryScenarioInstanceIdV2": "0",
      "CheckpointStatus": "0",
      "BugcheckParameter4": "0x0",
      "BootAppStatus": "3221225595",
      "LidState": "3",
      "BugcheckParameter1": "0x0",
      "Checkpoint": "16",
      "BugcheckParameter2": "0x0",
      "ConnectedStandbyInProgress": "false",
      "InputSuppressionState": "0",
      "LongPowerButtonPressDetected": "false",
      "CsEntryScenarioInstanceId": "0",
      "BugcheckInfoFromEFI": "false",
      "BugcheckParameter3": "0x0",
      "PowerButtonSuppressionState": "0",
      "SleepInProgress": "6",
      "SystemSleepTransitionsToOn": "1",
      "LidReliability": "false",
      "PowerButtonTimestamp": "134347133128934242",
      "WHEABootErrorCount": "0",
      "BugcheckCode": "0"
    },
    "previous_shutdown_time": null,
    "previous_shutdown_date": null
  },
  {
    "recorded_local": "2026-09-24T15:54:05.8570083+07:00",
    "record_id": 169683,
    "id": 6008,
    "provider": "EventLog",
    "data": {},
    "previous_shutdown_time": "3:47:19 PM",
    "previous_shutdown_date": "‎9/‎24/‎2026"
  },
  {
    "recorded_local": "2026-09-24T16:18:36.2031882+07:00",
    "record_id": 169862,
    "id": 41,
    "provider": "Microsoft-Windows-Kernel-Power",
    "data": {
      "CsEntryScenarioInstanceIdV2": "0",
      "CheckpointStatus": "0",
      "BugcheckParameter4": "0x0",
      "BootAppStatus": "0",
      "LidState": "3",
      "BugcheckParameter1": "0x0",
      "Checkpoint": "16",
      "BugcheckParameter2": "0x0",
      "ConnectedStandbyInProgress": "false",
      "InputSuppressionState": "0",
      "LongPowerButtonPressDetected": "false",
      "CsEntryScenarioInstanceId": "0",
      "BugcheckInfoFromEFI": "false",
      "BugcheckParameter3": "0x0",
      "PowerButtonSuppressionState": "0",
      "SleepInProgress": "6",
      "SystemSleepTransitionsToOn": "1",
      "LidReliability": "false",
      "PowerButtonTimestamp": "134347136873608138",
      "WHEABootErrorCount": "0",
      "BugcheckCode": "0"
    },
    "previous_shutdown_time": null,
    "previous_shutdown_date": null
  },
  {
    "recorded_local": "2026-09-24T16:18:43.9635193+07:00",
    "record_id": 169844,
    "id": 6008,
    "provider": "EventLog",
    "data": {},
    "previous_shutdown_time": "3:54:05 PM",
    "previous_shutdown_date": "‎9/‎24/‎2026"
  },
  {
    "recorded_local": "2026-09-24T16:24:32.7482167+07:00",
    "record_id": 170051,
    "id": 41,
    "provider": "Microsoft-Windows-Kernel-Power",
    "data": {
      "CsEntryScenarioInstanceIdV2": "2",
      "CheckpointStatus": "0",
      "BugcheckParameter4": "0x0",
      "BootAppStatus": "0",
      "LidState": "3",
      "BugcheckParameter1": "0x0",
      "Checkpoint": "16",
      "BugcheckParameter2": "0x0",
      "ConnectedStandbyInProgress": "false",
      "InputSuppressionState": "0",
      "LongPowerButtonPressDetected": "false",
      "CsEntryScenarioInstanceId": "2",
      "BugcheckInfoFromEFI": "false",
      "BugcheckParameter3": "0x0",
      "PowerButtonSuppressionState": "0",
      "SleepInProgress": "6",
      "SystemSleepTransitionsToOn": "2",
      "LidReliability": "false",
      "PowerButtonTimestamp": "134347154407320843",
      "WHEABootErrorCount": "0",
      "BugcheckCode": "0"
    },
    "previous_shutdown_time": null,
    "previous_shutdown_date": null
  },
  {
    "recorded_local": "2026-09-24T16:24:40.2470694+07:00",
    "record_id": 170033,
    "id": 6008,
    "provider": "EventLog",
    "data": {},
    "previous_shutdown_time": "4:18:43 PM",
    "previous_shutdown_date": "‎9/‎24/‎2026"
  },
  {
    "recorded_local": "2026-09-24T16:26:13.5547323+07:00",
    "record_id": 170210,
    "id": 41,
    "provider": "Microsoft-Windows-Kernel-Power",
    "data": {
      "CsEntryScenarioInstanceIdV2": "0",
      "CheckpointStatus": "0",
      "BugcheckParameter4": "0x0",
      "BootAppStatus": "0",
      "LidState": "3",
      "BugcheckParameter1": "0x0",
      "Checkpoint": "0",
      "BugcheckParameter2": "0x0",
      "ConnectedStandbyInProgress": "false",
      "InputSuppressionState": "0",
      "LongPowerButtonPressDetected": "false",
      "CsEntryScenarioInstanceId": "0",
      "BugcheckInfoFromEFI": "false",
      "BugcheckParameter3": "0x0",
      "PowerButtonSuppressionState": "0",
      "SleepInProgress": "0",
      "SystemSleepTransitionsToOn": "0",
      "LidReliability": "false",
      "PowerButtonTimestamp": "0",
      "WHEABootErrorCount": "0",
      "BugcheckCode": "0"
    },
    "previous_shutdown_time": null,
    "previous_shutdown_date": null
  },
  {
    "recorded_local": "2026-09-24T16:26:20.9102930+07:00",
    "record_id": 170192,
    "id": 6008,
    "provider": "EventLog",
    "data": {},
    "previous_shutdown_time": "4:24:40 PM",
    "previous_shutdown_date": "‎9/‎24/‎2026"
  },
  {
    "recorded_local": "2026-09-24T16:28:34.1615561+07:00",
    "record_id": 170275,
    "id": 41,
    "provider": "Microsoft-Windows-Kernel-Power",
    "data": {
      "CsEntryScenarioInstanceIdV2": "0",
      "CheckpointStatus": "0",
      "BugcheckParameter4": "0x0",
      "BootAppStatus": "0",
      "LidState": "3",
      "BugcheckParameter1": "0x0",
      "Checkpoint": "0",
      "BugcheckParameter2": "0x0",
      "ConnectedStandbyInProgress": "false",
      "InputSuppressionState": "0",
      "LongPowerButtonPressDetected": "false",
      "CsEntryScenarioInstanceId": "0",
      "BugcheckInfoFromEFI": "false",
      "BugcheckParameter3": "0x0",
      "PowerButtonSuppressionState": "0",
      "SleepInProgress": "0",
      "SystemSleepTransitionsToOn": "0",
      "LidReliability": "false",
      "PowerButtonTimestamp": "0",
      "WHEABootErrorCount": "0",
      "BugcheckCode": "0"
    },
    "previous_shutdown_time": null,
    "previous_shutdown_date": null
  },
  {
    "recorded_local": "2026-09-24T16:28:41.5123045+07:00",
    "record_id": 170257,
    "id": 6008,
    "provider": "EventLog",
    "data": {},
    "previous_shutdown_time": "4:26:20 PM",
    "previous_shutdown_date": "‎9/‎24/‎2026"
  },
  {
    "recorded_local": "2026-09-24T16:36:00.1600854+07:00",
    "record_id": 170392,
    "id": 41,
    "provider": "Microsoft-Windows-Kernel-Power",
    "data": {
      "CsEntryScenarioInstanceIdV2": "0",
      "CheckpointStatus": "0",
      "BugcheckParameter4": "0x0",
      "BootAppStatus": "0",
      "LidState": "3",
      "BugcheckParameter1": "0x0",
      "Checkpoint": "0",
      "BugcheckParameter2": "0x0",
      "ConnectedStandbyInProgress": "false",
      "InputSuppressionState": "0",
      "LongPowerButtonPressDetected": "false",
      "CsEntryScenarioInstanceId": "0",
      "BugcheckInfoFromEFI": "false",
      "BugcheckParameter3": "0x0",
      "PowerButtonSuppressionState": "0",
      "SleepInProgress": "0",
      "SystemSleepTransitionsToOn": "0",
      "LidReliability": "true",
      "PowerButtonTimestamp": "0",
      "WHEABootErrorCount": "0",
      "BugcheckCode": "0"
    },
    "previous_shutdown_time": null,
    "previous_shutdown_date": null
  },
  {
    "recorded_local": "2026-09-24T16:36:07.3517612+07:00",
    "record_id": 170374,
    "id": 6008,
    "provider": "EventLog",
    "data": {},
    "previous_shutdown_time": "4:28:41 PM",
    "previous_shutdown_date": "‎9/‎24/‎2026"
  },
  {
    "recorded_local": "2026-09-24T16:47:05.4079832+07:00",
    "record_id": 170551,
    "id": 41,
    "provider": "Microsoft-Windows-Kernel-Power",
    "data": {
      "CsEntryScenarioInstanceIdV2": "0",
      "CheckpointStatus": "0",
      "BugcheckParameter4": "0x0",
      "BootAppStatus": "0",
      "LidState": "3",
      "BugcheckParameter1": "0x0",
      "Checkpoint": "16",
      "BugcheckParameter2": "0x0",
      "ConnectedStandbyInProgress": "false",
      "InputSuppressionState": "0",
      "LongPowerButtonPressDetected": "false",
      "CsEntryScenarioInstanceId": "0",
      "BugcheckInfoFromEFI": "false",
      "BugcheckParameter3": "0x0",
      "PowerButtonSuppressionState": "0",
      "SleepInProgress": "6",
      "SystemSleepTransitionsToOn": "1",
      "LidReliability": "false",
      "PowerButtonTimestamp": "134347162387474013",
      "WHEABootErrorCount": "0",
      "BugcheckCode": "0"
    },
    "previous_shutdown_time": null,
    "previous_shutdown_date": null
  },
  {
    "recorded_local": "2026-09-24T16:47:13.5353712+07:00",
    "record_id": 170533,
    "id": 6008,
    "provider": "EventLog",
    "data": {},
    "previous_shutdown_time": "4:36:07 PM",
    "previous_shutdown_date": "‎9/‎24/‎2026"
  },
  {
    "recorded_local": "2026-09-24T17:43:55.9000274+07:00",
    "record_id": 170714,
    "id": 46,
    "provider": "volmgr",
    "data": {},
    "previous_shutdown_time": null,
    "previous_shutdown_date": null
  },
  {
    "recorded_local": "2026-09-24T17:43:58.0665819+07:00",
    "record_id": 170721,
    "id": 41,
    "provider": "Microsoft-Windows-Kernel-Power",
    "data": {
      "CsEntryScenarioInstanceIdV2": "0",
      "CheckpointStatus": "0",
      "BugcheckParameter4": "0x0",
      "BootAppStatus": "0",
      "LidState": "3",
      "BugcheckParameter1": "0x0",
      "Checkpoint": "0",
      "BugcheckParameter2": "0x0",
      "ConnectedStandbyInProgress": "false",
      "InputSuppressionState": "0",
      "LongPowerButtonPressDetected": "false",
      "CsEntryScenarioInstanceId": "0",
      "BugcheckInfoFromEFI": "false",
      "BugcheckParameter3": "0x0",
      "PowerButtonSuppressionState": "0",
      "SleepInProgress": "0",
      "SystemSleepTransitionsToOn": "0",
      "LidReliability": "false",
      "PowerButtonTimestamp": "134347178949242100",
      "WHEABootErrorCount": "0",
      "BugcheckCode": "0"
    },
    "previous_shutdown_time": null,
    "previous_shutdown_date": null
  },
  {
    "recorded_local": "2026-09-24T17:44:05.7094228+07:00",
    "record_id": 170693,
    "id": 6008,
    "provider": "EventLog",
    "data": {},
    "previous_shutdown_time": "4:47:13 PM",
    "previous_shutdown_date": "‎9/‎24/‎2026"
  },
  {
    "recorded_local": "2026-09-24T17:48:08.0985229+07:00",
    "record_id": 170880,
    "id": 41,
    "provider": "Microsoft-Windows-Kernel-Power",
    "data": {
      "CsEntryScenarioInstanceIdV2": "0",
      "CheckpointStatus": "0",
      "BugcheckParameter4": "0x0",
      "BootAppStatus": "0",
      "LidState": "3",
      "BugcheckParameter1": "0x0",
      "Checkpoint": "0",
      "BugcheckParameter2": "0x0",
      "ConnectedStandbyInProgress": "false",
      "InputSuppressionState": "0",
      "LongPowerButtonPressDetected": "false",
      "CsEntryScenarioInstanceId": "0",
      "BugcheckInfoFromEFI": "false",
      "BugcheckParameter3": "0x0",
      "PowerButtonSuppressionState": "0",
      "SleepInProgress": "0",
      "SystemSleepTransitionsToOn": "0",
      "LidReliability": "false",
      "PowerButtonTimestamp": "0",
      "WHEABootErrorCount": "0",
      "BugcheckCode": "0"
    },
    "previous_shutdown_time": null,
    "previous_shutdown_date": null
  },
  {
    "recorded_local": "2026-09-24T17:48:15.6243785+07:00",
    "record_id": 170853,
    "id": 6008,
    "provider": "EventLog",
    "data": {},
    "previous_shutdown_time": "5:44:05 PM",
    "previous_shutdown_date": "‎9/‎24/‎2026"
  },
  {
    "recorded_local": "2026-09-24T18:01:27.8407169+07:00",
    "record_id": 171030,
    "id": 41,
    "provider": "Microsoft-Windows-Kernel-Power",
    "data": {
      "CsEntryScenarioInstanceIdV2": "0",
      "CheckpointStatus": "0",
      "BugcheckParameter4": "0x0",
      "BootAppStatus": "0",
      "LidState": "3",
      "BugcheckParameter1": "0x0",
      "Checkpoint": "0",
      "BugcheckParameter2": "0x0",
      "ConnectedStandbyInProgress": "false",
      "InputSuppressionState": "0",
      "LongPowerButtonPressDetected": "false",
      "CsEntryScenarioInstanceId": "0",
      "BugcheckInfoFromEFI": "false",
      "BugcheckParameter3": "0x0",
      "PowerButtonSuppressionState": "0",
      "SleepInProgress": "0",
      "SystemSleepTransitionsToOn": "0",
      "LidReliability": "false",
      "PowerButtonTimestamp": "0",
      "WHEABootErrorCount": "0",
      "BugcheckCode": "0"
    },
    "previous_shutdown_time": null,
    "previous_shutdown_date": null
  },
  {
    "recorded_local": "2026-09-24T18:01:35.1350575+07:00",
    "record_id": 171012,
    "id": 6008,
    "provider": "EventLog",
    "data": {},
    "previous_shutdown_time": "5:48:15 PM",
    "previous_shutdown_date": "‎9/‎24/‎2026"
  },
  {
    "recorded_local": "2026-09-24T18:07:12.4672873+07:00",
    "record_id": 171190,
    "id": 41,
    "provider": "Microsoft-Windows-Kernel-Power",
    "data": {
      "CsEntryScenarioInstanceIdV2": "0",
      "CheckpointStatus": "0",
      "BugcheckParameter4": "0x0",
      "BootAppStatus": "0",
      "LidState": "3",
      "BugcheckParameter1": "0x0",
      "Checkpoint": "0",
      "BugcheckParameter2": "0x0",
      "ConnectedStandbyInProgress": "false",
      "InputSuppressionState": "0",
      "LongPowerButtonPressDetected": "false",
      "CsEntryScenarioInstanceId": "0",
      "BugcheckInfoFromEFI": "false",
      "BugcheckParameter3": "0x0",
      "PowerButtonSuppressionState": "0",
      "SleepInProgress": "0",
      "SystemSleepTransitionsToOn": "0",
      "LidReliability": "false",
      "PowerButtonTimestamp": "0",
      "WHEABootErrorCount": "0",
      "BugcheckCode": "0"
    },
    "previous_shutdown_time": null,
    "previous_shutdown_date": null
  },
  {
    "recorded_local": "2026-09-24T18:07:19.7381580+07:00",
    "record_id": 171158,
    "id": 6008,
    "provider": "EventLog",
    "data": {},
    "previous_shutdown_time": "6:01:35 PM",
    "previous_shutdown_date": "‎9/‎24/‎2026"
  },
  {
    "recorded_local": "2026-09-24T18:13:13.0527665+07:00",
    "record_id": 171350,
    "id": 41,
    "provider": "Microsoft-Windows-Kernel-Power",
    "data": {
      "CsEntryScenarioInstanceIdV2": "0",
      "CheckpointStatus": "0",
      "BugcheckParameter4": "0x0",
      "BootAppStatus": "0",
      "LidState": "3",
      "BugcheckParameter1": "0x0",
      "Checkpoint": "0",
      "BugcheckParameter2": "0x0",
      "ConnectedStandbyInProgress": "false",
      "InputSuppressionState": "0",
      "LongPowerButtonPressDetected": "false",
      "CsEntryScenarioInstanceId": "0",
      "BugcheckInfoFromEFI": "false",
      "BugcheckParameter3": "0x0",
      "PowerButtonSuppressionState": "0",
      "SleepInProgress": "0",
      "SystemSleepTransitionsToOn": "0",
      "LidReliability": "false",
      "PowerButtonTimestamp": "0",
      "WHEABootErrorCount": "0",
      "BugcheckCode": "0"
    },
    "previous_shutdown_time": null,
    "previous_shutdown_date": null
  },
  {
    "recorded_local": "2026-09-24T18:13:20.1854420+07:00",
    "record_id": 171319,
    "id": 6008,
    "provider": "EventLog",
    "data": {},
    "previous_shutdown_time": "6:07:19 PM",
    "previous_shutdown_date": "‎9/‎24/‎2026"
  },
  {
    "recorded_local": "2026-09-24T18:18:44.1155938+07:00",
    "record_id": 171510,
    "id": 41,
    "provider": "Microsoft-Windows-Kernel-Power",
    "data": {
      "CsEntryScenarioInstanceIdV2": "0",
      "CheckpointStatus": "0",
      "BugcheckParameter4": "0x0",
      "BootAppStatus": "0",
      "LidState": "3",
      "BugcheckParameter1": "0x0",
      "Checkpoint": "0",
      "BugcheckParameter2": "0x0",
      "ConnectedStandbyInProgress": "false",
      "InputSuppressionState": "0",
      "LongPowerButtonPressDetected": "false",
      "CsEntryScenarioInstanceId": "0",
      "BugcheckInfoFromEFI": "false",
      "BugcheckParameter3": "0x0",
      "PowerButtonSuppressionState": "0",
      "SleepInProgress": "0",
      "SystemSleepTransitionsToOn": "0",
      "LidReliability": "false",
      "PowerButtonTimestamp": "0",
      "WHEABootErrorCount": "0",
      "BugcheckCode": "0"
    },
    "previous_shutdown_time": null,
    "previous_shutdown_date": null
  },
  {
    "recorded_local": "2026-09-24T18:18:51.2846700+07:00",
    "record_id": 171492,
    "id": 6008,
    "provider": "EventLog",
    "data": {},
    "previous_shutdown_time": "6:13:20 PM",
    "previous_shutdown_date": "‎9/‎24/‎2026"
  },
  {
    "recorded_local": "2026-09-24T18:20:14.4300025+07:00",
    "record_id": 171660,
    "id": 41,
    "provider": "Microsoft-Windows-Kernel-Power",
    "data": {
      "CsEntryScenarioInstanceIdV2": "0",
      "CheckpointStatus": "0",
      "BugcheckParameter4": "0x0",
      "BootAppStatus": "0",
      "LidState": "3",
      "BugcheckParameter1": "0x0",
      "Checkpoint": "0",
      "BugcheckParameter2": "0x0",
      "ConnectedStandbyInProgress": "false",
      "InputSuppressionState": "0",
      "LongPowerButtonPressDetected": "false",
      "CsEntryScenarioInstanceId": "0",
      "BugcheckInfoFromEFI": "false",
      "BugcheckParameter3": "0x0",
      "PowerButtonSuppressionState": "0",
      "SleepInProgress": "0",
      "SystemSleepTransitionsToOn": "0",
      "LidReliability": "false",
      "PowerButtonTimestamp": "0",
      "WHEABootErrorCount": "0",
      "BugcheckCode": "0"
    },
    "previous_shutdown_time": null,
    "previous_shutdown_date": null
  },
  {
    "recorded_local": "2026-09-24T18:20:21.6175833+07:00",
    "record_id": 171642,
    "id": 6008,
    "provider": "EventLog",
    "data": {},
    "previous_shutdown_time": "6:18:51 PM",
    "previous_shutdown_date": "‎9/‎24/‎2026"
  },
  {
    "recorded_local": "2026-09-24T20:11:56.4296362+07:00",
    "record_id": 171823,
    "id": 41,
    "provider": "Microsoft-Windows-Kernel-Power",
    "data": {
      "CsEntryScenarioInstanceIdV2": "1",
      "CheckpointStatus": "0",
      "BugcheckParameter4": "0x0",
      "BootAppStatus": "0",
      "LidState": "3",
      "BugcheckParameter1": "0x0",
      "Checkpoint": "0",
      "BugcheckParameter2": "0x0",
      "ConnectedStandbyInProgress": "true",
      "InputSuppressionState": "0",
      "LongPowerButtonPressDetected": "false",
      "CsEntryScenarioInstanceId": "1",
      "BugcheckInfoFromEFI": "false",
      "BugcheckParameter3": "0x0",
      "PowerButtonSuppressionState": "0",
      "SleepInProgress": "0",
      "SystemSleepTransitionsToOn": "0",
      "LidReliability": "false",
      "PowerButtonTimestamp": "0",
      "WHEABootErrorCount": "0",
      "BugcheckCode": "0"
    },
    "previous_shutdown_time": null,
    "previous_shutdown_date": null
  },
  {
    "recorded_local": "2026-09-24T20:12:03.8200404+07:00",
    "record_id": 171805,
    "id": 6008,
    "provider": "EventLog",
    "data": {},
    "previous_shutdown_time": "6:20:21 PM",
    "previous_shutdown_date": "‎9/‎24/‎2026"
  },
  {
    "recorded_local": "2026-09-24T20:13:49.5395491+07:00",
    "record_id": 171982,
    "id": 41,
    "provider": "Microsoft-Windows-Kernel-Power",
    "data": {
      "CsEntryScenarioInstanceIdV2": "0",
      "CheckpointStatus": "0",
      "BugcheckParameter4": "0x0",
      "BootAppStatus": "0",
      "LidState": "3",
      "BugcheckParameter1": "0x0",
      "Checkpoint": "0",
      "BugcheckParameter2": "0x0",
      "ConnectedStandbyInProgress": "false",
      "InputSuppressionState": "0",
      "LongPowerButtonPressDetected": "false",
      "CsEntryScenarioInstanceId": "0",
      "BugcheckInfoFromEFI": "false",
      "BugcheckParameter3": "0x0",
      "PowerButtonSuppressionState": "0",
      "SleepInProgress": "0",
      "SystemSleepTransitionsToOn": "0",
      "LidReliability": "false",
      "PowerButtonTimestamp": "0",
      "WHEABootErrorCount": "0",
      "BugcheckCode": "0"
    },
    "previous_shutdown_time": null,
    "previous_shutdown_date": null
  },
  {
    "recorded_local": "2026-09-24T20:14:05.6453295+07:00",
    "record_id": 171964,
    "id": 6008,
    "provider": "EventLog",
    "data": {},
    "previous_shutdown_time": "8:12:03 PM",
    "previous_shutdown_date": "‎9/‎24/‎2026"
  },
  {
    "recorded_local": "2026-09-25T04:06:42.5209503+07:00",
    "record_id": 172169,
    "id": 41,
    "provider": "Microsoft-Windows-Kernel-Power",
    "data": {
      "CsEntryScenarioInstanceIdV2": "0",
      "CheckpointStatus": "0",
      "BugcheckParameter4": "0x0",
      "BootAppStatus": "0",
      "LidState": "3",
      "BugcheckParameter1": "0x0",
      "Checkpoint": "0",
      "BugcheckParameter2": "0x0",
      "ConnectedStandbyInProgress": "false",
      "InputSuppressionState": "0",
      "LongPowerButtonPressDetected": "false",
      "CsEntryScenarioInstanceId": "0",
      "BugcheckInfoFromEFI": "false",
      "BugcheckParameter3": "0x0",
      "PowerButtonSuppressionState": "0",
      "SleepInProgress": "0",
      "SystemSleepTransitionsToOn": "0",
      "LidReliability": "false",
      "PowerButtonTimestamp": "0",
      "WHEABootErrorCount": "0",
      "BugcheckCode": "0"
    },
    "previous_shutdown_time": null,
    "previous_shutdown_date": null
  },
  {
    "recorded_local": "2026-09-25T04:06:45.3659390+07:00",
    "record_id": 172126,
    "id": 6008,
    "provider": "EventLog",
    "data": {},
    "previous_shutdown_time": "8:14:05 PM",
    "previous_shutdown_date": "‎9/‎24/‎2026"
  }
]
